20230218 23:26:35 INFO  [main] salesForceLeti.BaseAction BaseAction.java45 - test started
20230218 23:26:35 INFO  [main] salesForceLeti.BaseAction BaseAction.java53 - method started
20230218 23:26:35 INFO  [main] salesForceLeti.tc17OpportunityReport tc17OpportunityReport.java25 - inside TC17 Opportunity Report
20230218 23:41:11 INFO  [main] salesForceLeti.BaseAction BaseAction.java45 - test started
20230218 23:41:11 INFO  [main] salesForceLeti.BaseAction BaseAction.java53 - method started
20230218 23:41:11 INFO  [main] salesForceLeti.tc17OpportunityReport tc17OpportunityReport.java25 - inside TC17 Opportunity Report
20230218 23:59:36 INFO  [main] salesForceLeti.BaseAction BaseAction.java45 - test started
20230218 23:59:36 INFO  [main] salesForceLeti.BaseAction BaseAction.java53 - method started
20230218 23:59:36 INFO  [main] salesForceLeti.tc17OpportunityReport tc17OpportunityReport.java25 - inside TC17 Opportunity Report
20230219 00:01:09 INFO  [main] salesForceLeti.BaseAction BaseAction.java45 - test started
20230219 00:01:09 INFO  [main] salesForceLeti.BaseAction BaseAction.java53 - method started
20230219 00:01:09 INFO  [main] salesForceLeti.tc17OpportunityReport tc17OpportunityReport.java25 - inside TC17 Opportunity Report
20230219 00:13:08 INFO  [main] salesForceLeti.BaseAction BaseAction.java45 - test started
20230219 00:13:08 INFO  [main] salesForceLeti.BaseAction BaseAction.java53 - method started
20230219 00:13:08 INFO  [main] salesForceLeti.tc17OpportunityReport tc17OpportunityReport.java25 - inside TC17 Opportunity Report
20230219 00:25:56 INFO  [main] salesForceLeti.BaseAction BaseAction.java45 - test started
20230219 00:25:57 INFO  [main] salesForceLeti.BaseAction BaseAction.java53 - method started
20230219 00:25:57 INFO  [main] salesForceLeti.tc17OpportunityReport tc17OpportunityReport.java25 - inside TC17 Opportunity Report
20230219 00:28:18 INFO  [main] salesForceLeti.BaseAction BaseAction.java45 - test started
20230219 00:28:19 INFO  [main] salesForceLeti.BaseAction BaseAction.java53 - method started
20230219 00:28:19 INFO  [main] salesForceLeti.tc17OpportunityReport tc17OpportunityReport.java25 - inside TC17 Opportunity Report
20230219 00:30:06 INFO  [main] salesForceLeti.BaseAction BaseAction.java45 - test started
20230219 00:30:08 INFO  [main] salesForceLeti.BaseAction BaseAction.java53 - method started
20230219 00:30:08 INFO  [main] salesForceLeti.tc17OpportunityReport tc17OpportunityReport.java25 - inside TC17 Opportunity Report
20230219 00:30:10 INFO  [main] salesForceLeti.BaseAction BaseAction.java45 - test started
20230219 00:30:12 INFO  [main] salesForceLeti.BaseAction BaseAction.java53 - method started
20230219 00:30:12 INFO  [main] salesForceLeti.tc17OpportunityReport tc17OpportunityReport.java25 - inside TC17 Opportunity Report
20230219 00:30:36 INFO  [main] salesForceLeti.BaseAction BaseAction.java45 - test started
20230219 00:30:37 INFO  [main] salesForceLeti.BaseAction BaseAction.java53 - method started
20230219 00:30:37 INFO  [main] salesForceLeti.tc17OpportunityReport tc17OpportunityReport.java25 - inside TC17 Opportunity Report
20230219 00:32:47 INFO  [main] salesForceLeti.BaseAction BaseAction.java45 - test started
20230219 00:32:48 INFO  [main] salesForceLeti.BaseAction BaseAction.java53 - method started
20230219 00:32:48 INFO  [main] salesForceLeti.tc17OpportunityReport tc17OpportunityReport.java26 - inside TC17 Opportunity Report
20230219 00:38:39 INFO  [main] salesForceLeti.BaseAction BaseAction.java45 - test started
20230219 00:38:39 INFO  [main] salesForceLeti.BaseAction BaseAction.java53 - method started
20230219 00:38:39 INFO  [main] salesForceLeti.tc17OpportunityReport tc17OpportunityReport.java26 - inside TC17 Opportunity Report
20230219 00:40:52 INFO  [main] salesForceLeti.BaseAction BaseAction.java45 - test started
20230219 00:40:52 INFO  [main] salesForceLeti.BaseAction BaseAction.java53 - method started
20230219 00:40:52 INFO  [main] salesForceLeti.tc17OpportunityReport tc17OpportunityReport.java26 - inside TC17 Opportunity Report
20230219 00:47:37 INFO  [main] salesForceLeti.BaseAction BaseAction.java45 - test started
20230219 00:47:37 INFO  [main] salesForceLeti.BaseAction BaseAction.java53 - method started
20230219 00:47:37 INFO  [main] salesForceLeti.tc17OpportunityReport tc17OpportunityReport.java26 - inside TC17 Opportunity Report
20230219 00:48:01 INFO  [main] salesForceLeti.BaseAction BaseAction.java53 - method started
20230219 00:49:04 INFO  [main] salesForceLeti.BaseAction BaseAction.java45 - test started
20230219 00:49:04 INFO  [main] salesForceLeti.BaseAction BaseAction.java53 - method started
20230219 00:49:04 INFO  [main] salesForceLeti.tc17OpportunityReport tc17OpportunityReport.java26 - inside TC17 Opportunity Report
20230219 00:51:22 INFO  [main] salesForceLeti.BaseAction BaseAction.java45 - test started
20230219 00:51:22 INFO  [main] salesForceLeti.BaseAction BaseAction.java53 - method started
20230219 00:59:01 INFO  [main] salesForceLeti.BaseAction BaseAction.java45 - test started
20230219 00:59:01 INFO  [main] salesForceLeti.BaseAction BaseAction.java53 - method started
20230219 00:59:01 INFO  [main] salesForceLeti.tc17OpportunityReport tc17OpportunityReport.java26 - inside TC17 Opportunity Report
20230219 00:59:21 INFO  [main] salesForceLeti.BaseAction BaseAction.java53 - method started
20230219 01:00:58 INFO  [main] salesForceLeti.BaseAction BaseAction.java45 - test started
20230219 01:00:59 INFO  [main] salesForceLeti.BaseAction BaseAction.java53 - method started
20230219 01:20:03 INFO  [main] salesForceLeti.BaseAction BaseAction.java46 - test started
20230219 01:20:03 INFO  [main] salesForceLeti.BaseAction BaseAction.java55 - method started
20230219 01:20:05 INFO  [main] salesForceLeti.tc17OpportunityReport tc17OpportunityReport.java26 - inside TC17 Opportunity Report
20230219 01:20:25 INFO  [main] salesForceLeti.BaseAction BaseAction.java55 - method started
20230219 01:28:55 INFO  [main] salesForceLeti.BaseAction BaseAction.java46 - test started
20230219 01:28:56 INFO  [main] salesForceLeti.BaseAction BaseAction.java55 - method started
20230219 01:36:16 INFO  [main] salesForceLeti.BaseAction BaseAction.java40 - test started
20230219 01:36:17 INFO  [main] salesForceLeti.BaseAction BaseAction.java48 - method started
20230219 01:39:39 INFO  [main] salesForceLeti.BaseAction BaseAction.java40 - test started
20230219 01:39:39 INFO  [main] salesForceLeti.BaseAction BaseAction.java48 - method started
20230219 02:07:21 INFO  [main] salesForceLeti.BaseAction BaseAction.java40 - test started
20230219 02:13:32 INFO  [main] salesForceLeti.BaseAction BaseAction.java40 - test started
20230219 02:13:53 INFO  [main] salesForceLeti.BaseAction BaseAction.java40 - test started
20230219 02:15:41 INFO  [main] salesForceLeti.BaseAction BaseAction.java40 - test started
20230219 02:17:23 INFO  [main] salesForceLeti.BaseAction BaseAction.java40 - test started
20230219 02:19:11 INFO  [main] salesForceLeti.BaseAction BaseAction.java40 - test started
20230219 02:25:48 INFO  [main] salesForceLeti.BaseAction BaseAction.java40 - test started
20230219 02:26:57 INFO  [main] salesForceLeti.BaseAction BaseAction.java40 - test started
20230219 02:28:22 INFO  [main] salesForceLeti.BaseAction BaseAction.java40 - test started
20230219 02:28:23 INFO  [main] salesForceLeti.BaseAction BaseAction.java48 - method started
20230219 02:31:45 INFO  [main] salesForceLeti.BaseAction BaseAction.java40 - test started
20230219 02:33:31 INFO  [main] salesForceLeti.BaseAction BaseAction.java40 - test started
20230219 02:33:39 INFO  [main] salesForceLeti.BaseAction BaseAction.java40 - test started
20230219 02:34:39 INFO  [main] salesForceLeti.BaseAction BaseAction.java40 - test started
20230219 02:34:39 INFO  [main] salesForceLeti.BaseAction BaseAction.java48 - method started
20230219 02:35:10 INFO  [main] salesForceLeti.BaseAction BaseAction.java48 - method started
20230219 02:35:30 INFO  [main] salesForceLeti.BaseAction BaseAction.java48 - method started
20230219 02:35:54 INFO  [main] salesForceLeti.BaseAction BaseAction.java48 - method started
20230219 02:39:20 INFO  [main] salesForceLeti.BaseAction BaseAction.java40 - test started
20230219 02:39:21 INFO  [TestNG-test=Testing all 37 Sales Force Test cases-2] salesForceLeti.BaseAction BaseAction.java48 - method started
20230219 02:39:21 INFO  [TestNG-test=Testing all 37 Sales Force Test cases-1] salesForceLeti.BaseAction BaseAction.java48 - method started
20230219 02:39:45 INFO  [TestNG-test=Testing all 37 Sales Force Test cases-2] salesForceLeti.BaseAction BaseAction.java48 - method started
20230219 02:39:46 INFO  [TestNG-test=Testing all 37 Sales Force Test cases-1] salesForceLeti.BaseAction BaseAction.java48 - method started
20230219 02:40:17 INFO  [TestNG-test=Testing all 37 Sales Force Test cases-2] salesForceLeti.BaseAction BaseAction.java48 - method started
20230219 02:40:20 INFO  [TestNG-test=Testing all 37 Sales Force Test cases-1] salesForceLeti.BaseAction BaseAction.java48 - method started
20230219 02:40:54 INFO  [TestNG-test=Testing all 37 Sales Force Test cases-1] salesForceLeti.BaseAction BaseAction.java48 - method started
20230219 02:41:15 INFO  [TestNG-test=Testing all 37 Sales Force Test cases-2] salesForceLeti.BaseAction BaseAction.java48 - method started
20230219 02:41:19 INFO  [TestNG-test=Testing all 37 Sales Force Test cases-2] salesForceLeti.tc17OpportunityReport tc17OpportunityReport.java26 - inside TC17 Opportunity Report
20230219 02:41:32 INFO  [TestNG-test=Testing all 37 Sales Force Test cases-1] salesForceLeti.BaseAction BaseAction.java48 - method started
20230219 02:41:57 INFO  [TestNG-test=Testing all 37 Sales Force Test cases-2] salesForceLeti.BaseAction BaseAction.java48 - method started
20230219 02:42:04 INFO  [TestNG-test=Testing all 37 Sales Force Test cases-1] salesForceLeti.BaseAction BaseAction.java48 - method started
20230219 02:42:28 INFO  [TestNG-test=Testing all 37 Sales Force Test cases-1] salesForceLeti.BaseAction BaseAction.java48 - method started
20230219 02:42:56 INFO  [TestNG-test=Testing all 37 Sales Force Test cases-2] salesForceLeti.BaseAction BaseAction.java48 - method started
20230219 02:42:59 INFO  [TestNG-test=Testing all 37 Sales Force Test cases-2] salesForceLeti.tc22leadsDefaultView tc22leadsDefaultView.java22 - inside TC22 Leads Default View
20230219 02:42:59 INFO  [TestNG-test=Testing all 37 Sales Force Test cases-1] salesForceLeti.BaseAction BaseAction.java48 - method started
20230219 02:43:40 INFO  [TestNG-test=Testing all 37 Sales Force Test cases-1] salesForceLeti.BaseAction BaseAction.java48 - method started
20230219 02:44:08 INFO  [TestNG-test=Testing all 37 Sales Force Test cases-1] salesForceLeti.BaseAction BaseAction.java48 - method started
20230219 02:44:10 INFO  [TestNG-test=Testing all 37 Sales Force Test cases-2] salesForceLeti.BaseAction BaseAction.java48 - method started
20230219 02:44:55 INFO  [TestNG-test=Testing all 37 Sales Force Test cases-2] salesForceLeti.BaseAction BaseAction.java48 - method started
20230219 02:45:05 INFO  [TestNG-test=Testing all 37 Sales Force Test cases-1] salesForceLeti.BaseAction BaseAction.java48 - method started
20230219 02:45:34 INFO  [TestNG-test=Testing all 37 Sales Force Test cases-2] salesForceLeti.BaseAction BaseAction.java48 - method started
20230219 02:45:51 INFO  [TestNG-test=Testing all 37 Sales Force Test cases-1] salesForceLeti.BaseAction BaseAction.java48 - method started
20230219 02:46:13 INFO  [TestNG-test=Testing all 37 Sales Force Test cases-1] salesForceLeti.BaseAction BaseAction.java48 - method started
20230219 02:46:18 INFO  [TestNG-test=Testing all 37 Sales Force Test cases-2] salesForceLeti.BaseAction BaseAction.java48 - method started
20230219 02:46:57 INFO  [TestNG-test=Testing all 37 Sales Force Test cases-1] salesForceLeti.BaseAction BaseAction.java48 - method started
20230219 02:47:16 INFO  [TestNG-test=Testing all 37 Sales Force Test cases-2] salesForceLeti.BaseAction BaseAction.java48 - method started
20230219 02:47:43 INFO  [TestNG-test=Testing all 37 Sales Force Test cases-1] salesForceLeti.BaseAction BaseAction.java48 - method started
20230219 02:47:53 INFO  [TestNG-test=Testing all 37 Sales Force Test cases-2] salesForceLeti.BaseAction BaseAction.java48 - method started
20230219 02:48:26 INFO  [TestNG-test=Testing all 37 Sales Force Test cases-1] salesForceLeti.BaseAction BaseAction.java48 - method started
20230219 02:49:21 INFO  [TestNG-test=Testing all 37 Sales Force Test cases-2] salesForceLeti.BaseAction BaseAction.java48 - method started
20230219 02:49:49 INFO  [TestNG-test=Testing all 37 Sales Force Test cases-1] salesForceLeti.BaseAction BaseAction.java48 - method started
20230219 02:50:22 INFO  [TestNG-test=Testing all 37 Sales Force Test cases-1] salesForceLeti.BaseAction BaseAction.java48 - method started
20230219 02:50:24 INFO  [TestNG-test=Testing all 37 Sales Force Test cases-2] salesForceLeti.BaseAction BaseAction.java48 - method started
20230219 02:51:18 INFO  [TestNG-test=Testing all 37 Sales Force Test cases-2] salesForceLeti.BaseAction BaseAction.java48 - method started
20230219 02:51:38 INFO  [TestNG-test=Testing all 37 Sales Force Test cases-1] salesForceLeti.BaseAction BaseAction.java48 - method started
20230219 14:38:50 INFO  [main] salesForceLeti.BaseAction BaseAction.java40 - test started
20230219 14:41:43 INFO  [main] salesForceLeti.BaseAction BaseAction.java40 - test started
20230219 14:41:43 INFO  [main] salesForceLeti.BaseAction BaseAction.java48 - method started
20230219 14:41:48 INFO  [main] salesForceLeti.tc17OpportunityReport tc17OpportunityReport.java26 - inside TC17 Opportunity Report
20230219 14:42:10 INFO  [main] salesForceLeti.BaseAction BaseAction.java48 - method started
20230219 14:48:10 INFO  [main] salesForceLeti.BaseAction BaseAction.java40 - test started
20230219 14:48:11 INFO  [main] salesForceLeti.BaseAction BaseAction.java48 - method started
20230219 14:48:40 INFO  [main] salesForceLeti.BaseAction BaseAction.java48 - method started
20230219 14:49:10 INFO  [main] salesForceLeti.BaseAction BaseAction.java48 - method started
20230219 14:49:15 INFO  [main] salesForceLeti.BaseAction BaseAction.java48 - method started
20230219 14:49:26 INFO  [main] salesForceLeti.BaseAction BaseAction.java48 - method started
20230219 14:58:50 INFO  [main] salesForceLeti.BaseAction BaseAction.java40 - test started
20230219 14:58:50 INFO  [main] salesForceLeti.BaseAction BaseAction.java48 - method started
20230219 14:58:54 INFO  [main] salesForceLeti.tc17OpportunityReport tc17OpportunityReport.java26 - inside TC17 Opportunity Report
20230219 14:59:15 INFO  [main] salesForceLeti.BaseAction BaseAction.java48 - method started
20230219 15:00:30 INFO  [main] salesForceLeti.BaseAction BaseAction.java40 - test started
20230219 15:00:30 INFO  [main] salesForceLeti.BaseAction BaseAction.java48 - method started
20230219 15:00:34 INFO  [main] salesForceLeti.tc17OpportunityReport tc17OpportunityReport.java26 - inside TC17 Opportunity Report
20230219 15:01:26 INFO  [main] salesForceLeti.BaseAction BaseAction.java40 - test started
20230219 15:03:44 INFO  [main] salesForceLeti.BaseAction BaseAction.java40 - test started
20230219 15:03:44 INFO  [main] salesForceLeti.BaseAction BaseAction.java48 - method started
20230219 15:24:41 INFO  [main] salesForceLeti.BaseAction BaseAction.java40 - test started
20230219 15:24:42 INFO  [main] salesForceLeti.BaseAction BaseAction.java48 - method started
20230219 15:26:54 INFO  [main] salesForceLeti.BaseAction BaseAction.java40 - test started
20230219 15:26:54 INFO  [main] salesForceLeti.BaseAction BaseAction.java48 - method started
20230219 15:28:29 INFO  [main] salesForceLeti.BaseAction BaseAction.java40 - test started
20230219 15:28:30 INFO  [main] salesForceLeti.BaseAction BaseAction.java48 - method started
20230219 15:32:55 INFO  [main] salesForceLeti.BaseAction BaseAction.java40 - test started
20230219 15:32:55 INFO  [main] salesForceLeti.BaseAction BaseAction.java48 - method started
20230219 15:34:29 INFO  [main] salesForceLeti.BaseAction BaseAction.java40 - test started
20230219 15:34:30 INFO  [main] salesForceLeti.BaseAction BaseAction.java48 - method started
20230219 15:43:28 INFO  [main] salesForceLeti.BaseAction BaseAction.java40 - test started
20230219 15:43:28 INFO  [main] salesForceLeti.BaseAction BaseAction.java48 - method started
20230219 15:49:30 INFO  [main] salesForceLeti.BaseAction BaseAction.java40 - test started
20230219 15:49:30 INFO  [main] salesForceLeti.BaseAction BaseAction.java48 - method started
20230219 15:50:18 INFO  [main] salesForceLeti.BaseAction BaseAction.java40 - test started
20230219 15:50:18 INFO  [main] salesForceLeti.BaseAction BaseAction.java48 - method started
20230219 15:52:18 INFO  [main] salesForceLeti.BaseAction BaseAction.java40 - test started
20230219 15:52:18 INFO  [main] salesForceLeti.BaseAction BaseAction.java48 - method started
20230219 15:53:29 INFO  [main] salesForceLeti.BaseAction BaseAction.java40 - test started
20230219 15:53:29 INFO  [main] salesForceLeti.BaseAction BaseAction.java48 - method started
20230219 15:54:28 INFO  [main] salesForceLeti.BaseAction BaseAction.java40 - test started
20230219 15:54:29 INFO  [main] salesForceLeti.BaseAction BaseAction.java48 - method started
20230219 15:56:20 INFO  [main] salesForceLeti.BaseAction BaseAction.java40 - test started
20230219 15:56:21 INFO  [main] salesForceLeti.BaseAction BaseAction.java48 - method started
20230219 16:00:33 INFO  [main] salesForceLeti.BaseAction BaseAction.java40 - test started
20230219 16:00:33 INFO  [main] salesForceLeti.BaseAction BaseAction.java48 - method started
20230219 16:04:01 INFO  [main] salesForceLeti.BaseAction BaseAction.java40 - test started
20230219 16:04:01 INFO  [main] salesForceLeti.BaseAction BaseAction.java48 - method started
20230219 16:04:57 INFO  [main] salesForceLeti.BaseAction BaseAction.java40 - test started
20230219 16:04:57 INFO  [main] salesForceLeti.BaseAction BaseAction.java48 - method started
20230219 16:07:51 INFO  [main] salesForceLeti.BaseAction BaseAction.java40 - test started
20230219 16:07:51 INFO  [main] salesForceLeti.BaseAction BaseAction.java48 - method started
20230219 16:08:57 INFO  [main] salesForceLeti.BaseAction BaseAction.java40 - test started
20230219 16:08:57 INFO  [main] salesForceLeti.BaseAction BaseAction.java48 - method started
20230219 16:12:56 INFO  [main] salesForceLeti.BaseAction BaseAction.java40 - test started
20230219 16:12:57 INFO  [main] salesForceLeti.BaseAction BaseAction.java48 - method started
20230219 16:15:01 INFO  [main] salesForceLeti.BaseAction BaseAction.java40 - test started
20230219 16:15:01 INFO  [main] salesForceLeti.BaseAction BaseAction.java48 - method started
20230219 16:16:29 INFO  [main] salesForceLeti.BaseAction BaseAction.java40 - test started
20230219 16:16:30 INFO  [main] salesForceLeti.BaseAction BaseAction.java48 - method started
20230219 16:18:29 INFO  [main] salesForceLeti.BaseAction BaseAction.java40 - test started
20230219 16:18:29 INFO  [main] salesForceLeti.BaseAction BaseAction.java48 - method started
20230219 16:19:56 INFO  [main] salesForceLeti.BaseAction BaseAction.java40 - test started
20230219 16:19:56 INFO  [main] salesForceLeti.BaseAction BaseAction.java48 - method started
20230219 16:24:56 INFO  [main] salesForceLeti.BaseAction BaseAction.java40 - test started
20230219 16:24:56 INFO  [main] salesForceLeti.BaseAction BaseAction.java48 - method started
20230219 16:25:52 INFO  [main] salesForceLeti.BaseAction BaseAction.java40 - test started
20230219 16:25:53 INFO  [main] salesForceLeti.BaseAction BaseAction.java48 - method started
20230219 16:27:27 INFO  [main] salesForceLeti.BaseAction BaseAction.java40 - test started
20230219 16:27:28 INFO  [main] salesForceLeti.BaseAction BaseAction.java48 - method started
20230219 16:37:01 INFO  [main] salesForceLeti.BaseAction BaseAction.java40 - test started
20230219 16:37:02 INFO  [main] salesForceLeti.BaseAction BaseAction.java48 - method started
20230219 16:38:07 INFO  [main] salesForceLeti.BaseAction BaseAction.java40 - test started
20230219 16:38:08 INFO  [main] salesForceLeti.BaseAction BaseAction.java48 - method started
20230219 16:45:07 INFO  [main] salesForceLeti.BaseAction BaseAction.java40 - test started
20230219 16:45:07 INFO  [main] salesForceLeti.BaseAction BaseAction.java48 - method started
20230219 16:50:42 INFO  [main] salesForceLeti.BaseAction BaseAction.java40 - test started
20230219 16:50:43 INFO  [main] salesForceLeti.BaseAction BaseAction.java48 - method started
20230219 16:51:54 INFO  [main] salesForceLeti.BaseAction BaseAction.java40 - test started
20230219 16:52:38 INFO  [main] salesForceLeti.BaseAction BaseAction.java40 - test started
20230219 16:52:38 INFO  [main] salesForceLeti.BaseAction BaseAction.java48 - method started
20230219 16:54:10 INFO  [main] salesForceLeti.BaseAction BaseAction.java40 - test started
20230219 16:54:11 INFO  [main] salesForceLeti.BaseAction BaseAction.java48 - method started
20230219 16:54:15 INFO  [main] salesForceLeti.tc4aForgotPassword tc4aForgotPassword.java17 - inside TC4A Forgot Password
20230219 16:58:38 INFO  [main] salesForceLeti.BaseAction BaseAction.java40 - test started
20230219 16:58:38 INFO  [main] salesForceLeti.BaseAction BaseAction.java48 - method started
20230219 17:10:07 INFO  [main] salesForceLeti.BaseAction BaseAction.java40 - test started
20230219 17:10:07 INFO  [TestNG-test=Testing all 37 Sales Force Test cases-1] salesForceLeti.BaseAction BaseAction.java48 - method started
20230219 17:10:37 INFO  [TestNG-test=Testing all 37 Sales Force Test cases-1] salesForceLeti.BaseAction BaseAction.java48 - method started
20230219 17:11:03 INFO  [TestNG-test=Testing all 37 Sales Force Test cases-1] salesForceLeti.BaseAction BaseAction.java48 - method started
20230219 17:11:21 INFO  [TestNG-test=Testing all 37 Sales Force Test cases-1] salesForceLeti.BaseAction BaseAction.java48 - method started
20230219 17:11:43 INFO  [TestNG-test=Testing all 37 Sales Force Test cases-1] salesForceLeti.BaseAction BaseAction.java48 - method started
20230219 17:12:22 INFO  [TestNG-test=Testing all 37 Sales Force Test cases-1] salesForceLeti.BaseAction BaseAction.java48 - method started
20230219 17:12:40 INFO  [TestNG-test=Testing all 37 Sales Force Test cases-1] salesForceLeti.BaseAction BaseAction.java48 - method started
20230219 17:13:08 INFO  [TestNG-test=Testing all 37 Sales Force Test cases-1] salesForceLeti.BaseAction BaseAction.java48 - method started
20230219 17:13:10 INFO  [TestNG-test=Testing all 37 Sales Force Test cases-1] salesForceLeti.tc17OpportunityReport tc17OpportunityReport.java26 - inside TC17 Opportunity Report
20230219 17:13:30 INFO  [TestNG-test=Testing all 37 Sales Force Test cases-1] salesForceLeti.BaseAction BaseAction.java48 - method started
20230219 17:13:54 INFO  [TestNG-test=Testing all 37 Sales Force Test cases-1] salesForceLeti.BaseAction BaseAction.java48 - method started
20230219 17:14:32 INFO  [TestNG-test=Testing all 37 Sales Force Test cases-1] salesForceLeti.BaseAction BaseAction.java48 - method started
20230219 17:15:09 INFO  [TestNG-test=Testing all 37 Sales Force Test cases-1] salesForceLeti.BaseAction BaseAction.java48 - method started
20230219 17:15:29 INFO  [TestNG-test=Testing all 37 Sales Force Test cases-1] salesForceLeti.BaseAction BaseAction.java48 - method started
20230219 17:15:50 INFO  [TestNG-test=Testing all 37 Sales Force Test cases-1] salesForceLeti.BaseAction BaseAction.java48 - method started
20230219 17:15:52 INFO  [TestNG-test=Testing all 37 Sales Force Test cases-1] salesForceLeti.tc22leadsDefaultView tc22leadsDefaultView.java22 - inside TC22 Leads Default View
20230219 17:16:45 INFO  [TestNG-test=Testing all 37 Sales Force Test cases-1] salesForceLeti.BaseAction BaseAction.java48 - method started
20230219 17:17:11 INFO  [TestNG-test=Testing all 37 Sales Force Test cases-1] salesForceLeti.BaseAction BaseAction.java48 - method started
20230219 17:17:40 INFO  [TestNG-test=Testing all 37 Sales Force Test cases-1] salesForceLeti.BaseAction BaseAction.java48 - method started
20230219 17:18:02 INFO  [TestNG-test=Testing all 37 Sales Force Test cases-1] salesForceLeti.BaseAction BaseAction.java48 - method started
20230219 17:18:29 INFO  [TestNG-test=Testing all 37 Sales Force Test cases-1] salesForceLeti.BaseAction BaseAction.java48 - method started
20230219 17:18:48 INFO  [TestNG-test=Testing all 37 Sales Force Test cases-1] salesForceLeti.BaseAction BaseAction.java48 - method started
20230219 17:19:12 INFO  [TestNG-test=Testing all 37 Sales Force Test cases-1] salesForceLeti.BaseAction BaseAction.java48 - method started
20230219 17:19:53 INFO  [TestNG-test=Testing all 37 Sales Force Test cases-1] salesForceLeti.BaseAction BaseAction.java48 - method started
20230219 17:20:03 INFO  [TestNG-test=Testing all 37 Sales Force Test cases-1] salesForceLeti.BaseAction BaseAction.java48 - method started
20230219 17:20:30 INFO  [TestNG-test=Testing all 37 Sales Force Test cases-1] salesForceLeti.BaseAction BaseAction.java48 - method started
20230219 17:20:58 INFO  [TestNG-test=Testing all 37 Sales Force Test cases-1] salesForceLeti.BaseAction BaseAction.java48 - method started
20230219 17:21:32 INFO  [TestNG-test=Testing all 37 Sales Force Test cases-1] salesForceLeti.BaseAction BaseAction.java48 - method started
20230219 17:21:59 INFO  [TestNG-test=Testing all 37 Sales Force Test cases-1] salesForceLeti.BaseAction BaseAction.java48 - method started
20230219 17:22:20 INFO  [TestNG-test=Testing all 37 Sales Force Test cases-1] salesForceLeti.BaseAction BaseAction.java48 - method started
20230219 17:23:14 INFO  [TestNG-test=Testing all 37 Sales Force Test cases-1] salesForceLeti.BaseAction BaseAction.java48 - method started
20230219 17:23:56 INFO  [TestNG-test=Testing all 37 Sales Force Test cases-1] salesForceLeti.BaseAction BaseAction.java48 - method started
20230219 17:24:33 INFO  [TestNG-test=Testing all 37 Sales Force Test cases-1] salesForceLeti.BaseAction BaseAction.java48 - method started
20230219 17:24:49 INFO  [TestNG-test=Testing all 37 Sales Force Test cases-1] salesForceLeti.BaseAction BaseAction.java48 - method started
20230219 17:24:51 INFO  [TestNG-test=Testing all 37 Sales Force Test cases-1] salesForceLeti.tc4aForgotPassword tc4aForgotPassword.java17 - inside TC4A Forgot Password
20230219 17:24:57 INFO  [TestNG-test=Testing all 37 Sales Force Test cases-1] salesForceLeti.BaseAction BaseAction.java48 - method started
20230219 17:25:07 INFO  [TestNG-test=Testing all 37 Sales Force Test cases-1] salesForceLeti.BaseAction BaseAction.java48 - method started
20230219 17:25:22 INFO  [TestNG-test=Testing all 37 Sales Force Test cases-1] salesForceLeti.BaseAction BaseAction.java48 - method started
20230219 17:25:45 INFO  [TestNG-test=Testing all 37 Sales Force Test cases-1] salesForceLeti.BaseAction BaseAction.java48 - method started
20230219 17:26:32 INFO  [TestNG-test=Testing all 37 Sales Force Test cases-1] salesForceLeti.BaseAction BaseAction.java48 - method started
20230219 17:26:48 INFO  [TestNG-test=Testing all 37 Sales Force Test cases-1] salesForceLeti.BaseAction BaseAction.java48 - method started
20230219 17:31:59 INFO  [main] salesForceLeti.BaseAction BaseAction.java40 - test started
20230219 17:32:00 INFO  [main] salesForceLeti.BaseAction BaseAction.java48 - method started
20230219 17:40:44 INFO  [main] salesForceLeti.BaseAction BaseAction.java40 - test started
20230219 17:40:44 INFO  [main] salesForceLeti.BaseAction BaseAction.java48 - method started
20230219 17:43:57 INFO  [main] salesForceLeti.BaseAction BaseAction.java40 - test started
20230219 17:43:57 INFO  [main] salesForceLeti.BaseAction BaseAction.java48 - method started
20230219 17:49:45 INFO  [main] salesForceLeti.BaseAction BaseAction.java40 - test started
20230219 17:49:45 INFO  [main] salesForceLeti.BaseAction BaseAction.java48 - method started
20230219 17:52:57 INFO  [main] salesForceLeti.BaseAction BaseAction.java40 - test started
20230219 17:52:58 INFO  [main] salesForceLeti.BaseAction BaseAction.java48 - method started
20230219 17:57:50 INFO  [main] salesForceLeti.BaseAction BaseAction.java40 - test started
20230219 17:57:50 INFO  [main] salesForceLeti.BaseAction BaseAction.java48 - method started
20230219 17:58:55 INFO  [main] salesForceLeti.BaseAction BaseAction.java40 - test started
20230219 17:58:56 INFO  [main] salesForceLeti.BaseAction BaseAction.java48 - method started
20230219 18:01:46 INFO  [main] salesForceLeti.BaseAction BaseAction.java40 - test started
20230219 18:01:47 INFO  [main] salesForceLeti.BaseAction BaseAction.java48 - method started
20230219 18:02:50 INFO  [main] salesForceLeti.BaseAction BaseAction.java40 - test started
20230219 18:02:50 INFO  [main] salesForceLeti.BaseAction BaseAction.java48 - method started
20230219 18:03:45 INFO  [main] salesForceLeti.BaseAction BaseAction.java40 - test started
20230219 18:03:45 INFO  [main] salesForceLeti.BaseAction BaseAction.java48 - method started
20230219 18:04:39 INFO  [main] salesForceLeti.BaseAction BaseAction.java40 - test started
20230219 18:04:39 INFO  [main] salesForceLeti.BaseAction BaseAction.java48 - method started
20230219 18:10:48 INFO  [main] salesForceLeti.BaseAction BaseAction.java40 - test started
20230219 18:10:49 INFO  [main] salesForceLeti.BaseAction BaseAction.java48 - method started
20230219 18:14:56 INFO  [main] salesForceLeti.BaseAction BaseAction.java40 - test started
20230219 18:14:57 INFO  [main] salesForceLeti.BaseAction BaseAction.java48 - method started
20230219 18:16:23 INFO  [main] salesForceLeti.BaseAction BaseAction.java40 - test started
20230219 18:16:23 INFO  [main] salesForceLeti.BaseAction BaseAction.java48 - method started
20230219 18:18:23 INFO  [main] salesForceLeti.BaseAction BaseAction.java40 - test started
20230219 18:18:23 INFO  [main] salesForceLeti.BaseAction BaseAction.java48 - method started
20230219 22:01:43 INFO  [main] salesForceLeti.BaseAction BaseAction.java40 - test started
20230219 22:01:44 INFO  [main] salesForceLeti.BaseAction BaseAction.java48 - method started
20230219 22:05:37 INFO  [main] salesForceLeti.BaseAction BaseAction.java40 - test started
20230219 22:05:38 INFO  [main] salesForceLeti.BaseAction BaseAction.java48 - method started
20230219 22:07:30 INFO  [main] salesForceLeti.BaseAction BaseAction.java40 - test started
20230219 22:07:31 INFO  [main] salesForceLeti.BaseAction BaseAction.java48 - method started
20230219 22:09:02 INFO  [main] salesForceLeti.BaseAction BaseAction.java40 - test started
20230219 22:09:03 INFO  [main] salesForceLeti.BaseAction BaseAction.java48 - method started
20230219 22:10:28 INFO  [main] salesForceLeti.BaseAction BaseAction.java40 - test started
20230219 22:10:29 INFO  [main] salesForceLeti.BaseAction BaseAction.java48 - method started
20230219 22:14:14 INFO  [main] salesForceLeti.BaseAction BaseAction.java40 - test started
20230219 22:14:14 INFO  [main] salesForceLeti.BaseAction BaseAction.java48 - method started
20230219 22:15:08 INFO  [main] salesForceLeti.BaseAction BaseAction.java40 - test started
20230219 22:15:09 INFO  [main] salesForceLeti.BaseAction BaseAction.java48 - method started
20230219 22:16:29 INFO  [main] salesForceLeti.BaseAction BaseAction.java40 - test started
20230219 22:16:30 INFO  [main] salesForceLeti.BaseAction BaseAction.java48 - method started
20230219 22:21:07 INFO  [main] salesForceLeti.BaseAction BaseAction.java40 - test started
20230219 22:21:08 INFO  [main] salesForceLeti.BaseAction BaseAction.java48 - method started
20230219 22:22:03 INFO  [main] salesForceLeti.BaseAction BaseAction.java40 - test started
20230219 22:22:03 INFO  [main] salesForceLeti.BaseAction BaseAction.java48 - method started
20230219 22:24:04 INFO  [main] salesForceLeti.BaseAction BaseAction.java40 - test started
20230219 22:24:04 INFO  [main] salesForceLeti.BaseAction BaseAction.java48 - method started
20230219 22:25:45 INFO  [main] salesForceLeti.BaseAction BaseAction.java40 - test started
20230219 22:25:46 INFO  [main] salesForceLeti.BaseAction BaseAction.java48 - method started
20230219 22:30:59 INFO  [main] salesForceLeti.BaseAction BaseAction.java40 - test started
20230219 22:30:59 INFO  [main] salesForceLeti.BaseAction BaseAction.java48 - method started
20230219 22:32:33 INFO  [main] salesForceLeti.BaseAction BaseAction.java40 - test started
20230219 22:32:33 INFO  [main] salesForceLeti.BaseAction BaseAction.java48 - method started
20230219 22:35:06 INFO  [main] salesForceLeti.BaseAction BaseAction.java40 - test started
20230219 22:35:07 INFO  [main] salesForceLeti.BaseAction BaseAction.java48 - method started
20230219 22:37:41 INFO  [main] salesForceLeti.BaseAction BaseAction.java40 - test started
20230219 22:37:42 INFO  [main] salesForceLeti.BaseAction BaseAction.java48 - method started
20230219 22:41:26 INFO  [main] salesForceLeti.BaseAction BaseAction.java40 - test started
20230219 22:41:27 INFO  [main] salesForceLeti.BaseAction BaseAction.java48 - method started
20230219 22:42:46 INFO  [main] salesForceLeti.BaseAction BaseAction.java40 - test started
20230219 22:42:47 INFO  [main] salesForceLeti.BaseAction BaseAction.java48 - method started
20230219 22:46:29 INFO  [main] salesForceLeti.BaseAction BaseAction.java40 - test started
20230219 22:46:29 INFO  [main] salesForceLeti.BaseAction BaseAction.java48 - method started
20230219 22:46:33 INFO  [main] salesForceLeti.tc17OpportunityReport tc17OpportunityReport.java26 - inside TC17 Opportunity Report
20230219 22:46:53 INFO  [main] salesForceLeti.BaseAction BaseAction.java48 - method started
20230219 22:50:04 INFO  [main] salesForceLeti.BaseAction BaseAction.java40 - test started
20230219 22:50:04 INFO  [TestNG-test=Testing all 37 Sales Force Test cases-1] salesForceLeti.BaseAction BaseAction.java48 - method started
20230219 22:50:33 INFO  [TestNG-test=Testing all 37 Sales Force Test cases-1] salesForceLeti.BaseAction BaseAction.java48 - method started
20230219 22:51:01 INFO  [TestNG-test=Testing all 37 Sales Force Test cases-1] salesForceLeti.BaseAction BaseAction.java48 - method started
20230219 22:51:38 INFO  [TestNG-test=Testing all 37 Sales Force Test cases-1] salesForceLeti.BaseAction BaseAction.java48 - method started
20230219 22:52:10 INFO  [TestNG-test=Testing all 37 Sales Force Test cases-1] salesForceLeti.BaseAction BaseAction.java48 - method started
20230219 22:52:51 INFO  [TestNG-test=Testing all 37 Sales Force Test cases-1] salesForceLeti.BaseAction BaseAction.java48 - method started
20230219 22:53:09 INFO  [TestNG-test=Testing all 37 Sales Force Test cases-1] salesForceLeti.BaseAction BaseAction.java48 - method started
20230219 22:53:32 INFO  [TestNG-test=Testing all 37 Sales Force Test cases-1] salesForceLeti.BaseAction BaseAction.java48 - method started
20230219 22:53:34 INFO  [TestNG-test=Testing all 37 Sales Force Test cases-1] salesForceLeti.tc17OpportunityReport tc17OpportunityReport.java26 - inside TC17 Opportunity Report
20230219 22:53:52 INFO  [TestNG-test=Testing all 37 Sales Force Test cases-1] salesForceLeti.BaseAction BaseAction.java48 - method started
20230219 22:54:15 INFO  [TestNG-test=Testing all 37 Sales Force Test cases-1] salesForceLeti.BaseAction BaseAction.java48 - method started
20230219 22:54:53 INFO  [TestNG-test=Testing all 37 Sales Force Test cases-1] salesForceLeti.BaseAction BaseAction.java48 - method started
20230219 22:55:30 INFO  [TestNG-test=Testing all 37 Sales Force Test cases-1] salesForceLeti.BaseAction BaseAction.java48 - method started
20230219 22:55:49 INFO  [TestNG-test=Testing all 37 Sales Force Test cases-1] salesForceLeti.BaseAction BaseAction.java48 - method started
20230219 22:56:14 INFO  [TestNG-test=Testing all 37 Sales Force Test cases-1] salesForceLeti.BaseAction BaseAction.java48 - method started
20230219 22:56:16 INFO  [TestNG-test=Testing all 37 Sales Force Test cases-1] salesForceLeti.tc22leadsDefaultView tc22leadsDefaultView.java22 - inside TC22 Leads Default View
20230219 22:57:00 INFO  [TestNG-test=Testing all 37 Sales Force Test cases-1] salesForceLeti.BaseAction BaseAction.java48 - method started
20230219 22:57:22 INFO  [TestNG-test=Testing all 37 Sales Force Test cases-1] salesForceLeti.BaseAction BaseAction.java48 - method started
20230219 22:57:52 INFO  [TestNG-test=Testing all 37 Sales Force Test cases-1] salesForceLeti.BaseAction BaseAction.java48 - method started
20230219 22:58:15 INFO  [TestNG-test=Testing all 37 Sales Force Test cases-1] salesForceLeti.BaseAction BaseAction.java48 - method started
20230219 22:58:36 INFO  [TestNG-test=Testing all 37 Sales Force Test cases-1] salesForceLeti.BaseAction BaseAction.java48 - method started
20230219 22:58:56 INFO  [TestNG-test=Testing all 37 Sales Force Test cases-1] salesForceLeti.BaseAction BaseAction.java48 - method started
20230219 22:59:17 INFO  [TestNG-test=Testing all 37 Sales Force Test cases-1] salesForceLeti.BaseAction BaseAction.java48 - method started
20230219 22:59:39 INFO  [TestNG-test=Testing all 37 Sales Force Test cases-1] salesForceLeti.BaseAction BaseAction.java48 - method started
20230219 22:59:49 INFO  [TestNG-test=Testing all 37 Sales Force Test cases-1] salesForceLeti.BaseAction BaseAction.java48 - method started
20230219 23:00:18 INFO  [TestNG-test=Testing all 37 Sales Force Test cases-1] salesForceLeti.BaseAction BaseAction.java48 - method started
20230219 23:00:47 INFO  [TestNG-test=Testing all 37 Sales Force Test cases-1] salesForceLeti.BaseAction BaseAction.java48 - method started
20230219 23:01:28 INFO  [TestNG-test=Testing all 37 Sales Force Test cases-1] salesForceLeti.BaseAction BaseAction.java48 - method started
20230219 23:01:54 INFO  [TestNG-test=Testing all 37 Sales Force Test cases-1] salesForceLeti.BaseAction BaseAction.java48 - method started
20230219 23:02:19 INFO  [TestNG-test=Testing all 37 Sales Force Test cases-1] salesForceLeti.BaseAction BaseAction.java48 - method started
20230219 23:03:06 INFO  [TestNG-test=Testing all 37 Sales Force Test cases-1] salesForceLeti.BaseAction BaseAction.java48 - method started
20230219 23:03:41 INFO  [TestNG-test=Testing all 37 Sales Force Test cases-1] salesForceLeti.BaseAction BaseAction.java48 - method started
20230219 23:04:18 INFO  [TestNG-test=Testing all 37 Sales Force Test cases-1] salesForceLeti.BaseAction BaseAction.java48 - method started
20230219 23:05:05 INFO  [TestNG-test=Testing all 37 Sales Force Test cases-1] salesForceLeti.BaseAction BaseAction.java48 - method started
20230219 23:05:06 INFO  [TestNG-test=Testing all 37 Sales Force Test cases-1] salesForceLeti.tc4aForgotPassword tc4aForgotPassword.java17 - inside TC4A Forgot Password
20230219 23:05:13 INFO  [TestNG-test=Testing all 37 Sales Force Test cases-1] salesForceLeti.BaseAction BaseAction.java48 - method started
20230219 23:05:23 INFO  [TestNG-test=Testing all 37 Sales Force Test cases-1] salesForceLeti.BaseAction BaseAction.java48 - method started
20230219 23:05:38 INFO  [TestNG-test=Testing all 37 Sales Force Test cases-1] salesForceLeti.BaseAction BaseAction.java48 - method started
20230219 23:06:15 INFO  [TestNG-test=Testing all 37 Sales Force Test cases-1] salesForceLeti.BaseAction BaseAction.java48 - method started
20230219 23:07:02 INFO  [TestNG-test=Testing all 37 Sales Force Test cases-1] salesForceLeti.BaseAction BaseAction.java48 - method started
20230219 23:07:18 INFO  [TestNG-test=Testing all 37 Sales Force Test cases-1] salesForceLeti.BaseAction BaseAction.java48 - method started
20230220 02:00:38 INFO  [main] salesForceLeti.BaseAction BaseAction.java40 - test started
20230220 02:00:39 INFO  [TestNG-test=Testing all 37 Sales Force Test cases-1] salesForceLeti.BaseAction BaseAction.java48 - method started
20230220 02:00:47 INFO  [main] salesForceLeti.BaseAction BaseAction.java40 - test started
20230220 02:00:48 INFO  [TestNG-test=Testing all 37 Sales Force Test cases-1] salesForceLeti.BaseAction BaseAction.java48 - method started
20230220 02:01:04 INFO  [TestNG-test=Testing all 37 Sales Force Test cases-2] salesForceLeti.BaseAction BaseAction.java48 - method started
20230220 02:01:05 INFO  [TestNG-test=Testing all 37 Sales Force Test cases-2] salesForceLeti.BaseAction BaseAction.java48 - method started
20230220 02:01:18 INFO  [TestNG-test=Testing all 37 Sales Force Test cases-3] salesForceLeti.BaseAction BaseAction.java48 - method started
20230220 02:01:19 INFO  [main] salesForceLeti.BaseAction BaseAction.java40 - test started
20230220 02:01:19 INFO  [TestNG-test=Testing all 37 Sales Force Test cases-1] salesForceLeti.BaseAction BaseAction.java48 - method started
20230220 02:01:20 INFO  [TestNG-test=Testing all 37 Sales Force Test cases-3] salesForceLeti.BaseAction BaseAction.java48 - method started
20230220 02:01:40 INFO  [TestNG-test=Testing all 37 Sales Force Test cases-4] salesForceLeti.BaseAction BaseAction.java48 - method started
20230220 02:01:48 INFO  [TestNG-test=Testing all 37 Sales Force Test cases-2] salesForceLeti.BaseAction BaseAction.java48 - method started
20230220 02:01:49 INFO  [TestNG-test=Testing all 37 Sales Force Test cases-5] salesForceLeti.BaseAction BaseAction.java48 - method started
20230220 02:02:16 INFO  [TestNG-test=Testing all 37 Sales Force Test cases-3] salesForceLeti.BaseAction BaseAction.java48 - method started
20230220 02:02:21 INFO  [TestNG-test=Testing all 37 Sales Force Test cases-4] salesForceLeti.BaseAction BaseAction.java48 - method started
